<?xml version="1.0" encoding="UTF-8"?>
<!-- Generated by org.testng.reporters.JUnitReportReporter -->
<testsuite skipped="0" hostname="DESKTOP-48CJMGQ" name="com.qa.testcases.HomePage_TestCase" tests="3" failures="0" timestamp="04 Feb 2018 22:08:15 GMT" time="43.566" errors="0">
  <testcase name="HomePage_ValidateTitle" time="11.384" classname="com.qa.testcases.HomePage_TestCase"/>
  <testcase name="HomePage_ValidateUser" time="19.101" classname="com.qa.testcases.HomePage_TestCase"/>
  <testcase name="HomePage_ValidateContactLink" time="13.081" classname="com.qa.testcases.HomePage_TestCase"/>
</testsuite> <!-- com.qa.testcases.HomePage_TestCase -->
