<?xml version="1.0" encoding="UTF-8"?>
<!-- Generated by org.testng.reporters.JUnitReportReporter -->
<testsuite skipped="0" hostname="DESKTOP-48CJMGQ" name="com.qa.testcases.LoginPage_TestCase" tests="3" failures="0" timestamp="06 Feb 2018 15:41:44 GMT" time="38.623" errors="0">
  <testcase name="validateLoginPage_Title" time="10.858" classname="com.qa.testcases.LoginPage_TestCase"/>
  <testcase name="validateLoginPage_Logo" time="9.457" classname="com.qa.testcases.LoginPage_TestCase"/>
  <testcase name="validateLoginPage_Credential" time="18.308" classname="com.qa.testcases.LoginPage_TestCase"/>
</testsuite> <!-- com.qa.testcases.LoginPage_TestCase -->
