<?xml version="1.0" encoding="UTF-8"?>
<!-- Generated by org.testng.reporters.JUnitReportReporter -->
<testsuite skipped="0" hostname="DESKTOP-48CJMGQ" name="com.qa.testcases.LoginPage_TestCase" tests="3" failures="0" timestamp="08 Feb 2018 04:39:05 GMT" time="32.504" errors="0">
  <testcase name="validateLoginPage_Title" time="9.911" classname="com.qa.testcases.LoginPage_TestCase"/>
  <testcase name="validateLoginPage_Logo" time="9.274" classname="com.qa.testcases.LoginPage_TestCase"/>
  <testcase name="validateLoginPage_Credential" time="13.319" classname="com.qa.testcases.LoginPage_TestCase"/>
</testsuite> <!-- com.qa.testcases.LoginPage_TestCase -->
