<?xml version="1.0" encoding="UTF-8"?>
<!-- Generated by org.testng.reporters.JUnitReportReporter -->
<testsuite skipped="0" hostname="DESKTOP-48CJMGQ" name="com.qa.testcases.HomePage_TestCase" tests="3" failures="0" timestamp="08 Feb 2018 04:39:05 GMT" time="43.151" errors="0">
  <testcase name="HomePage_ValidateTitle" time="15.848" classname="com.qa.testcases.HomePage_TestCase"/>
  <testcase name="HomePage_ValidateUser" time="14.935" classname="com.qa.testcases.HomePage_TestCase"/>
  <testcase name="HomePage_ValidateContactLink" time="12.368" classname="com.qa.testcases.HomePage_TestCase"/>
</testsuite> <!-- com.qa.testcases.HomePage_TestCase -->
